mode: set
github.com/brown-csci1380-s20/raft-yyang149-kboonyap/raft/node_follower_state.go:4.43,10.6 4 1
github.com/brown-csci1380-s20/raft-yyang149-kboonyap/raft/node_follower_state.go:10.6,11.10 1 1
github.com/brown-csci1380-s20/raft-yyang149-kboonyap/raft/node_follower_state.go:12.37,13.16 1 1
github.com/brown-csci1380-s20/raft-yyang149-kboonyap/raft/node_follower_state.go:16.35,18.20 2 1
github.com/brown-csci1380-s20/raft-yyang149-kboonyap/raft/node_follower_state.go:22.35,25.19 2 1
github.com/brown-csci1380-s20/raft-yyang149-kboonyap/raft/node_follower_state.go:29.4,32.5 1 1
github.com/brown-csci1380-s20/raft-yyang149-kboonyap/raft/node_follower_state.go:33.37,38.5 1 1
github.com/brown-csci1380-s20/raft-yyang149-kboonyap/raft/node_follower_state.go:39.36,44.5 1 1
github.com/brown-csci1380-s20/raft-yyang149-kboonyap/raft/node_follower_state.go:45.18,48.24 2 1
github.com/brown-csci1380-s20/raft-yyang149-kboonyap/raft/node_follower_state.go:13.16,15.5 1 1
github.com/brown-csci1380-s20/raft-yyang149-kboonyap/raft/node_follower_state.go:18.20,21.5 1 1
github.com/brown-csci1380-s20/raft-yyang149-kboonyap/raft/node_follower_state.go:25.19,27.5 1 1
github.com/brown-csci1380-s20/raft-yyang149-kboonyap/raft/node_follower_state.go:52.92,56.35 4 1
github.com/brown-csci1380-s20/raft-yyang149-kboonyap/raft/node_follower_state.go:61.2,61.25 1 1
github.com/brown-csci1380-s20/raft-yyang149-kboonyap/raft/node_follower_state.go:67.2,67.53 1 1
github.com/brown-csci1380-s20/raft-yyang149-kboonyap/raft/node_follower_state.go:74.2,74.34 1 1
github.com/brown-csci1380-s20/raft-yyang149-kboonyap/raft/node_follower_state.go:56.35,59.3 2 1
github.com/brown-csci1380-s20/raft-yyang149-kboonyap/raft/node_follower_state.go:61.25,65.3 3 1
github.com/brown-csci1380-s20/raft-yyang149-kboonyap/raft/node_follower_state.go:67.53,69.47 2 1
github.com/brown-csci1380-s20/raft-yyang149-kboonyap/raft/node_follower_state.go:69.47,72.4 2 1
github.com/brown-csci1380-s20/raft-yyang149-kboonyap/raft/node_follower_state.go:78.73,79.35 1 1
github.com/brown-csci1380-s20/raft-yyang149-kboonyap/raft/node_follower_state.go:87.2,87.14 1 1
github.com/brown-csci1380-s20/raft-yyang149-kboonyap/raft/node_follower_state.go:79.35,81.3 1 1
github.com/brown-csci1380-s20/raft-yyang149-kboonyap/raft/node_follower_state.go:81.8,81.43 1 1
github.com/brown-csci1380-s20/raft-yyang149-kboonyap/raft/node_follower_state.go:81.43,82.39 1 1
github.com/brown-csci1380-s20/raft-yyang149-kboonyap/raft/node_follower_state.go:82.39,84.4 1 1
github.com/brown-csci1380-s20/raft-yyang149-kboonyap/raft/node_follower_state.go:94.88,100.35 4 1
github.com/brown-csci1380-s20/raft-yyang149-kboonyap/raft/node_follower_state.go:109.2,109.35 1 1
github.com/brown-csci1380-s20/raft-yyang149-kboonyap/raft/node_follower_state.go:125.2,128.57 3 1
github.com/brown-csci1380-s20/raft-yyang149-kboonyap/raft/node_follower_state.go:138.2,138.33 1 1
github.com/brown-csci1380-s20/raft-yyang149-kboonyap/raft/node_follower_state.go:146.2,147.33 2 1
github.com/brown-csci1380-s20/raft-yyang149-kboonyap/raft/node_follower_state.go:155.2,155.38 1 1
github.com/brown-csci1380-s20/raft-yyang149-kboonyap/raft/node_follower_state.go:164.2,168.19 2 1
github.com/brown-csci1380-s20/raft-yyang149-kboonyap/raft/node_follower_state.go:100.35,107.3 2 1
github.com/brown-csci1380-s20/raft-yyang149-kboonyap/raft/node_follower_state.go:109.35,112.31 3 1
github.com/brown-csci1380-s20/raft-yyang149-kboonyap/raft/node_follower_state.go:115.3,115.22 1 1
github.com/brown-csci1380-s20/raft-yyang149-kboonyap/raft/node_follower_state.go:112.31,114.4 1 1
github.com/brown-csci1380-s20/raft-yyang149-kboonyap/raft/node_follower_state.go:116.8,118.32 1 1
github.com/brown-csci1380-s20/raft-yyang149-kboonyap/raft/node_follower_state.go:118.32,120.4 1 1
github.com/brown-csci1380-s20/raft-yyang149-kboonyap/raft/node_follower_state.go:120.9,120.36 1 1
github.com/brown-csci1380-s20/raft-yyang149-kboonyap/raft/node_follower_state.go:120.36,121.49 1 0
github.com/brown-csci1380-s20/raft-yyang149-kboonyap/raft/node_follower_state.go:128.57,135.3 2 0
github.com/brown-csci1380-s20/raft-yyang149-kboonyap/raft/node_follower_state.go:138.33,139.74 1 1
github.com/brown-csci1380-s20/raft-yyang149-kboonyap/raft/node_follower_state.go:139.74,141.9 2 1
github.com/brown-csci1380-s20/raft-yyang149-kboonyap/raft/node_follower_state.go:147.33,148.32 1 1
github.com/brown-csci1380-s20/raft-yyang149-kboonyap/raft/node_follower_state.go:152.3,152.26 1 1
github.com/brown-csci1380-s20/raft-yyang149-kboonyap/raft/node_follower_state.go:148.32,150.4 1 1
github.com/brown-csci1380-s20/raft-yyang149-kboonyap/raft/node_follower_state.go:155.38,156.38 1 1
github.com/brown-csci1380-s20/raft-yyang149-kboonyap/raft/node_follower_state.go:156.38,158.4 1 1
github.com/brown-csci1380-s20/raft-yyang149-kboonyap/raft/node_follower_state.go:158.9,160.4 1 1
github.com/brown-csci1380-s20/raft-yyang149-kboonyap/raft/raft_rpc.pb.go:52.38,54.2 1 1
github.com/brown-csci1380-s20/raft-yyang149-kboonyap/raft/raft_rpc.pb.go:56.53,58.2 1 0
github.com/brown-csci1380-s20/raft-yyang149-kboonyap/raft/raft_rpc.pb.go:87.39,89.2 1 0
github.com/brown-csci1380-s20/raft-yyang149-kboonyap/raft/raft_rpc.pb.go:91.54,93.2 1 0
github.com/brown-csci1380-s20/raft-yyang149-kboonyap/raft/raft_rpc.pb.go:105.30,105.43 1 1
github.com/brown-csci1380-s20/raft-yyang149-kboonyap/raft/raft_rpc.pb.go:106.30,106.67 1 0
github.com/brown-csci1380-s20/raft-yyang149-kboonyap/raft/raft_rpc.pb.go:107.31,107.32 0 0
github.com/brown-csci1380-s20/raft-yyang149-kboonyap/raft/raft_rpc.pb.go:108.41,110.2 1 1
github.com/brown-csci1380-s20/raft-yyang149-kboonyap/raft/raft_rpc.pb.go:112.44,114.2 1 0
github.com/brown-csci1380-s20/raft-yyang149-kboonyap/raft/raft_rpc.pb.go:115.72,117.2 1 0
github.com/brown-csci1380-s20/raft-yyang149-kboonyap/raft/raft_rpc.pb.go:118.43,120.2 1 0
github.com/brown-csci1380-s20/raft-yyang149-kboonyap/raft/raft_rpc.pb.go:121.29,123.2 1 0
github.com/brown-csci1380-s20/raft-yyang149-kboonyap/raft/raft_rpc.pb.go:124.35,126.2 1 0
github.com/brown-csci1380-s20/raft-yyang149-kboonyap/raft/raft_rpc.pb.go:130.27,131.14 1 1
github.com/brown-csci1380-s20/raft-yyang149-kboonyap/raft/raft_rpc.pb.go:134.2,134.14 1 1
github.com/brown-csci1380-s20/raft-yyang149-kboonyap/raft/raft_rpc.pb.go:131.14,133.3 1 1
github.com/brown-csci1380-s20/raft-yyang149-kboonyap/raft/raft_rpc.pb.go:137.33,138.14 1 0
github.com/brown-csci1380-s20/raft-yyang149-kboonyap/raft/raft_rpc.pb.go:141.2,141.11 1 0
github.com/brown-csci1380-s20/raft-yyang149-kboonyap/raft/raft_rpc.pb.go:138.14,140.3 1 0
github.com/brown-csci1380-s20/raft-yyang149-kboonyap/raft/raft_rpc.pb.go:153.38,153.59 1 1
github.com/brown-csci1380-s20/raft-yyang149-kboonyap/raft/raft_rpc.pb.go:154.38,154.75 1 1
github.com/brown-csci1380-s20/raft-yyang149-kboonyap/raft/raft_rpc.pb.go:155.39,155.40 0 0
github.com/brown-csci1380-s20/raft-yyang149-kboonyap/raft/raft_rpc.pb.go:156.49,158.2 1 1
github.com/brown-csci1380-s20/raft-yyang149-kboonyap/raft/raft_rpc.pb.go:160.52,162.2 1 0
github.com/brown-csci1380-s20/raft-yyang149-kboonyap/raft/raft_rpc.pb.go:163.80,165.2 1 0
github.com/brown-csci1380-s20/raft-yyang149-kboonyap/raft/raft_rpc.pb.go:166.51,168.2 1 0
github.com/brown-csci1380-s20/raft-yyang149-kboonyap/raft/raft_rpc.pb.go:169.37,171.2 1 0
github.com/brown-csci1380-s20/raft-yyang149-kboonyap/raft/raft_rpc.pb.go:172.43,174.2 1 0
github.com/brown-csci1380-s20/raft-yyang149-kboonyap/raft/raft_rpc.pb.go:178.39,179.14 1 0
github.com/brown-csci1380-s20/raft-yyang149-kboonyap/raft/raft_rpc.pb.go:182.2,182.11 1 0
github.com/brown-csci1380-s20/raft-yyang149-kboonyap/raft/raft_rpc.pb.go:179.14,181.3 1 0
github.com/brown-csci1380-s20/raft-yyang149-kboonyap/raft/raft_rpc.pb.go:185.37,186.14 1 0
github.com/brown-csci1380-s20/raft-yyang149-kboonyap/raft/raft_rpc.pb.go:189.2,189.11 1 0
github.com/brown-csci1380-s20/raft-yyang149-kboonyap/raft/raft_rpc.pb.go:186.14,188.3 1 0
github.com/brown-csci1380-s20/raft-yyang149-kboonyap/raft/raft_rpc.pb.go:202.44,202.71 1 1
github.com/brown-csci1380-s20/raft-yyang149-kboonyap/raft/raft_rpc.pb.go:203.44,203.81 1 0
github.com/brown-csci1380-s20/raft-yyang149-kboonyap/raft/raft_rpc.pb.go:204.45,204.46 0 0
github.com/brown-csci1380-s20/raft-yyang149-kboonyap/raft/raft_rpc.pb.go:205.55,207.2 1 1
github.com/brown-csci1380-s20/raft-yyang149-kboonyap/raft/raft_rpc.pb.go:209.58,211.2 1 0
github.com/brown-csci1380-s20/raft-yyang149-kboonyap/raft/raft_rpc.pb.go:212.86,214.2 1 0
github.com/brown-csci1380-s20/raft-yyang149-kboonyap/raft/raft_rpc.pb.go:215.57,217.2 1 0
github.com/brown-csci1380-s20/raft-yyang149-kboonyap/raft/raft_rpc.pb.go:218.43,220.2 1 0
github.com/brown-csci1380-s20/raft-yyang149-kboonyap/raft/raft_rpc.pb.go:221.49,223.2 1 0
github.com/brown-csci1380-s20/raft-yyang149-kboonyap/raft/raft_rpc.pb.go:227.54,228.14 1 0
github.com/brown-csci1380-s20/raft-yyang149-kboonyap/raft/raft_rpc.pb.go:231.2,231.12 1 0
github.com/brown-csci1380-s20/raft-yyang149-kboonyap/raft/raft_rpc.pb.go:228.14,230.3 1 0
github.com/brown-csci1380-s20/raft-yyang149-kboonyap/raft/raft_rpc.pb.go:234.56,235.14 1 0
github.com/brown-csci1380-s20/raft-yyang149-kboonyap/raft/raft_rpc.pb.go:238.2,238.12 1 0
github.com/brown-csci1380-s20/raft-yyang149-kboonyap/raft/raft_rpc.pb.go:235.14,237.3 1 0
github.com/brown-csci1380-s20/raft-yyang149-kboonyap/raft/raft_rpc.pb.go:261.36,261.55 1 0
github.com/brown-csci1380-s20/raft-yyang149-kboonyap/raft/raft_rpc.pb.go:262.36,262.73 1 0
github.com/brown-csci1380-s20/raft-yyang149-kboonyap/raft/raft_rpc.pb.go:263.37,263.38 0 0
github.com/brown-csci1380-s20/raft-yyang149-kboonyap/raft/raft_rpc.pb.go:264.47,266.2 1 1
github.com/brown-csci1380-s20/raft-yyang149-kboonyap/raft/raft_rpc.pb.go:268.50,270.2 1 0
github.com/brown-csci1380-s20/raft-yyang149-kboonyap/raft/raft_rpc.pb.go:271.78,273.2 1 0
github.com/brown-csci1380-s20/raft-yyang149-kboonyap/raft/raft_rpc.pb.go:274.49,276.2 1 0
github.com/brown-csci1380-s20/raft-yyang149-kboonyap/raft/raft_rpc.pb.go:277.35,279.2 1 0
github.com/brown-csci1380-s20/raft-yyang149-kboonyap/raft/raft_rpc.pb.go:280.41,282.2 1 0
github.com/brown-csci1380-s20/raft-yyang149-kboonyap/raft/raft_rpc.pb.go:286.38,287.14 1 1
github.com/brown-csci1380-s20/raft-yyang149-kboonyap/raft/raft_rpc.pb.go:290.2,290.10 1 0
github.com/brown-csci1380-s20/raft-yyang149-kboonyap/raft/raft_rpc.pb.go:287.14,289.3 1 1
github.com/brown-csci1380-s20/raft-yyang149-kboonyap/raft/raft_rpc.pb.go:293.39,294.14 1 0
github.com/brown-csci1380-s20/raft-yyang149-kboonyap/raft/raft_rpc.pb.go:297.2,297.10 1 0
github.com/brown-csci1380-s20/raft-yyang149-kboonyap/raft/raft_rpc.pb.go:294.14,296.3 1 0
github.com/brown-csci1380-s20/raft-yyang149-kboonyap/raft/raft_rpc.pb.go:300.42,301.14 1 0
github.com/brown-csci1380-s20/raft-yyang149-kboonyap/raft/raft_rpc.pb.go:304.2,304.40 1 0
github.com/brown-csci1380-s20/raft-yyang149-kboonyap/raft/raft_rpc.pb.go:301.14,303.3 1 0
github.com/brown-csci1380-s20/raft-yyang149-kboonyap/raft/raft_rpc.pb.go:307.40,308.14 1 0
github.com/brown-csci1380-s20/raft-yyang149-kboonyap/raft/raft_rpc.pb.go:311.2,311.10 1 0
github.com/brown-csci1380-s20/raft-yyang149-kboonyap/raft/raft_rpc.pb.go:308.14,310.3 1 0
github.com/brown-csci1380-s20/raft-yyang149-kboonyap/raft/raft_rpc.pb.go:314.37,315.14 1 0
github.com/brown-csci1380-s20/raft-yyang149-kboonyap/raft/raft_rpc.pb.go:318.2,318.12 1 0
github.com/brown-csci1380-s20/raft-yyang149-kboonyap/raft/raft_rpc.pb.go:315.14,317.3 1 0
github.com/brown-csci1380-s20/raft-yyang149-kboonyap/raft/raft_rpc.pb.go:321.40,322.14 1 0
github.com/brown-csci1380-s20/raft-yyang149-kboonyap/raft/raft_rpc.pb.go:325.2,325.11 1 0
github.com/brown-csci1380-s20/raft-yyang149-kboonyap/raft/raft_rpc.pb.go:322.14,324.3 1 0
github.com/brown-csci1380-s20/raft-yyang149-kboonyap/raft/raft_rpc.pb.go:346.48,346.79 1 1
github.com/brown-csci1380-s20/raft-yyang149-kboonyap/raft/raft_rpc.pb.go:347.48,347.85 1 1
github.com/brown-csci1380-s20/raft-yyang149-kboonyap/raft/raft_rpc.pb.go:348.49,348.50 0 0
github.com/brown-csci1380-s20/raft-yyang149-kboonyap/raft/raft_rpc.pb.go:349.59,351.2 1 1
github.com/brown-csci1380-s20/raft-yyang149-kboonyap/raft/raft_rpc.pb.go:353.62,355.2 1 0
github.com/brown-csci1380-s20/raft-yyang149-kboonyap/raft/raft_rpc.pb.go:356.90,358.2 1 0
github.com/brown-csci1380-s20/raft-yyang149-kboonyap/raft/raft_rpc.pb.go:359.61,361.2 1 0
github.com/brown-csci1380-s20/raft-yyang149-kboonyap/raft/raft_rpc.pb.go:362.47,364.2 1 0
github.com/brown-csci1380-s20/raft-yyang149-kboonyap/raft/raft_rpc.pb.go:365.53,367.2 1 0
github.com/brown-csci1380-s20/raft-yyang149-kboonyap/raft/raft_rpc.pb.go:371.49,372.14 1 0
github.com/brown-csci1380-s20/raft-yyang149-kboonyap/raft/raft_rpc.pb.go:375.2,375.10 1 0
github.com/brown-csci1380-s20/raft-yyang149-kboonyap/raft/raft_rpc.pb.go:372.14,374.3 1 0
github.com/brown-csci1380-s20/raft-yyang149-kboonyap/raft/raft_rpc.pb.go:378.56,379.14 1 0
github.com/brown-csci1380-s20/raft-yyang149-kboonyap/raft/raft_rpc.pb.go:382.2,382.12 1 0
github.com/brown-csci1380-s20/raft-yyang149-kboonyap/raft/raft_rpc.pb.go:379.14,381.3 1 0
github.com/brown-csci1380-s20/raft-yyang149-kboonyap/raft/raft_rpc.pb.go:385.57,386.14 1 0
github.com/brown-csci1380-s20/raft-yyang149-kboonyap/raft/raft_rpc.pb.go:389.2,389.10 1 0
github.com/brown-csci1380-s20/raft-yyang149-kboonyap/raft/raft_rpc.pb.go:386.14,388.3 1 0
github.com/brown-csci1380-s20/raft-yyang149-kboonyap/raft/raft_rpc.pb.go:392.56,393.14 1 0
github.com/brown-csci1380-s20/raft-yyang149-kboonyap/raft/raft_rpc.pb.go:396.2,396.10 1 0
github.com/brown-csci1380-s20/raft-yyang149-kboonyap/raft/raft_rpc.pb.go:393.14,395.3 1 0
github.com/brown-csci1380-s20/raft-yyang149-kboonyap/raft/raft_rpc.pb.go:399.57,400.14 1 0
github.com/brown-csci1380-s20/raft-yyang149-kboonyap/raft/raft_rpc.pb.go:403.2,403.12 1 0
github.com/brown-csci1380-s20/raft-yyang149-kboonyap/raft/raft_rpc.pb.go:400.14,402.3 1 0
github.com/brown-csci1380-s20/raft-yyang149-kboonyap/raft/raft_rpc.pb.go:406.57,407.14 1 0
github.com/brown-csci1380-s20/raft-yyang149-kboonyap/raft/raft_rpc.pb.go:410.2,410.10 1 0
github.com/brown-csci1380-s20/raft-yyang149-kboonyap/raft/raft_rpc.pb.go:407.14,409.3 1 0
github.com/brown-csci1380-s20/raft-yyang149-kboonyap/raft/raft_rpc.pb.go:423.46,423.75 1 1
github.com/brown-csci1380-s20/raft-yyang149-kboonyap/raft/raft_rpc.pb.go:424.46,424.83 1 1
github.com/brown-csci1380-s20/raft-yyang149-kboonyap/raft/raft_rpc.pb.go:425.47,425.48 0 0
github.com/brown-csci1380-s20/raft-yyang149-kboonyap/raft/raft_rpc.pb.go:426.57,428.2 1 1
github.com/brown-csci1380-s20/raft-yyang149-kboonyap/raft/raft_rpc.pb.go:430.60,432.2 1 0
github.com/brown-csci1380-s20/raft-yyang149-kboonyap/raft/raft_rpc.pb.go:433.88,435.2 1 0
github.com/brown-csci1380-s20/raft-yyang149-kboonyap/raft/raft_rpc.pb.go:436.59,438.2 1 0
github.com/brown-csci1380-s20/raft-yyang149-kboonyap/raft/raft_rpc.pb.go:439.45,441.2 1 0
github.com/brown-csci1380-s20/raft-yyang149-kboonyap/raft/raft_rpc.pb.go:442.51,444.2 1 0
github.com/brown-csci1380-s20/raft-yyang149-kboonyap/raft/raft_rpc.pb.go:448.47,449.14 1 0
github.com/brown-csci1380-s20/raft-yyang149-kboonyap/raft/raft_rpc.pb.go:452.2,452.10 1 0
github.com/brown-csci1380-s20/raft-yyang149-kboonyap/raft/raft_rpc.pb.go:449.14,451.3 1 0
github.com/brown-csci1380-s20/raft-yyang149-kboonyap/raft/raft_rpc.pb.go:455.48,456.14 1 0
github.com/brown-csci1380-s20/raft-yyang149-kboonyap/raft/raft_rpc.pb.go:459.2,459.14 1 0
github.com/brown-csci1380-s20/raft-yyang149-kboonyap/raft/raft_rpc.pb.go:456.14,458.3 1 0
github.com/brown-csci1380-s20/raft-yyang149-kboonyap/raft/raft_rpc.pb.go:476.46,476.75 1 1
github.com/brown-csci1380-s20/raft-yyang149-kboonyap/raft/raft_rpc.pb.go:477.46,477.83 1 1
github.com/brown-csci1380-s20/raft-yyang149-kboonyap/raft/raft_rpc.pb.go:478.47,478.48 0 0
github.com/brown-csci1380-s20/raft-yyang149-kboonyap/raft/raft_rpc.pb.go:479.57,481.2 1 1
github.com/brown-csci1380-s20/raft-yyang149-kboonyap/raft/raft_rpc.pb.go:483.60,485.2 1 0
github.com/brown-csci1380-s20/raft-yyang149-kboonyap/raft/raft_rpc.pb.go:486.88,488.2 1 0
github.com/brown-csci1380-s20/raft-yyang149-kboonyap/raft/raft_rpc.pb.go:489.59,491.2 1 0
github.com/brown-csci1380-s20/raft-yyang149-kboonyap/raft/raft_rpc.pb.go:492.45,494.2 1 0
github.com/brown-csci1380-s20/raft-yyang149-kboonyap/raft/raft_rpc.pb.go:495.51,497.2 1 0
github.com/brown-csci1380-s20/raft-yyang149-kboonyap/raft/raft_rpc.pb.go:501.47,502.14 1 0
github.com/brown-csci1380-s20/raft-yyang149-kboonyap/raft/raft_rpc.pb.go:505.2,505.10 1 0
github.com/brown-csci1380-s20/raft-yyang149-kboonyap/raft/raft_rpc.pb.go:502.14,504.3 1 0
github.com/brown-csci1380-s20/raft-yyang149-kboonyap/raft/raft_rpc.pb.go:508.57,509.14 1 0
github.com/brown-csci1380-s20/raft-yyang149-kboonyap/raft/raft_rpc.pb.go:512.2,512.12 1 0
github.com/brown-csci1380-s20/raft-yyang149-kboonyap/raft/raft_rpc.pb.go:509.14,511.3 1 0
github.com/brown-csci1380-s20/raft-yyang149-kboonyap/raft/raft_rpc.pb.go:515.55,516.14 1 0
github.com/brown-csci1380-s20/raft-yyang149-kboonyap/raft/raft_rpc.pb.go:519.2,519.10 1 0
github.com/brown-csci1380-s20/raft-yyang149-kboonyap/raft/raft_rpc.pb.go:516.14,518.3 1 0
github.com/brown-csci1380-s20/raft-yyang149-kboonyap/raft/raft_rpc.pb.go:522.54,523.14 1 0
github.com/brown-csci1380-s20/raft-yyang149-kboonyap/raft/raft_rpc.pb.go:526.2,526.10 1 0
github.com/brown-csci1380-s20/raft-yyang149-kboonyap/raft/raft_rpc.pb.go:523.14,525.3 1 0
github.com/brown-csci1380-s20/raft-yyang149-kboonyap/raft/raft_rpc.pb.go:539.44,539.71 1 1
github.com/brown-csci1380-s20/raft-yyang149-kboonyap/raft/raft_rpc.pb.go:540.44,540.81 1 0
github.com/brown-csci1380-s20/raft-yyang149-kboonyap/raft/raft_rpc.pb.go:541.45,541.46 0 0
github.com/brown-csci1380-s20/raft-yyang149-kboonyap/raft/raft_rpc.pb.go:542.55,544.2 1 1
github.com/brown-csci1380-s20/raft-yyang149-kboonyap/raft/raft_rpc.pb.go:546.58,548.2 1 0
github.com/brown-csci1380-s20/raft-yyang149-kboonyap/raft/raft_rpc.pb.go:549.86,551.2 1 0
github.com/brown-csci1380-s20/raft-yyang149-kboonyap/raft/raft_rpc.pb.go:552.57,554.2 1 0
github.com/brown-csci1380-s20/raft-yyang149-kboonyap/raft/raft_rpc.pb.go:555.43,557.2 1 0
github.com/brown-csci1380-s20/raft-yyang149-kboonyap/raft/raft_rpc.pb.go:558.49,560.2 1 0
github.com/brown-csci1380-s20/raft-yyang149-kboonyap/raft/raft_rpc.pb.go:564.45,565.14 1 0
github.com/brown-csci1380-s20/raft-yyang149-kboonyap/raft/raft_rpc.pb.go:568.2,568.10 1 0
github.com/brown-csci1380-s20/raft-yyang149-kboonyap/raft/raft_rpc.pb.go:565.14,567.3 1 0
github.com/brown-csci1380-s20/raft-yyang149-kboonyap/raft/raft_rpc.pb.go:571.50,572.14 1 0
github.com/brown-csci1380-s20/raft-yyang149-kboonyap/raft/raft_rpc.pb.go:575.2,575.14 1 0
github.com/brown-csci1380-s20/raft-yyang149-kboonyap/raft/raft_rpc.pb.go:572.14,574.3 1 0
github.com/brown-csci1380-s20/raft-yyang149-kboonyap/raft/raft_rpc.pb.go:586.49,586.81 1 0
github.com/brown-csci1380-s20/raft-yyang149-kboonyap/raft/raft_rpc.pb.go:587.49,587.86 1 0
github.com/brown-csci1380-s20/raft-yyang149-kboonyap/raft/raft_rpc.pb.go:588.50,588.51 0 0
github.com/brown-csci1380-s20/raft-yyang149-kboonyap/raft/raft_rpc.pb.go:589.60,591.2 1 1
github.com/brown-csci1380-s20/raft-yyang149-kboonyap/raft/raft_rpc.pb.go:593.63,595.2 1 0
github.com/brown-csci1380-s20/raft-yyang149-kboonyap/raft/raft_rpc.pb.go:596.91,598.2 1 0
github.com/brown-csci1380-s20/raft-yyang149-kboonyap/raft/raft_rpc.pb.go:599.62,601.2 1 0
github.com/brown-csci1380-s20/raft-yyang149-kboonyap/raft/raft_rpc.pb.go:602.48,604.2 1 0
github.com/brown-csci1380-s20/raft-yyang149-kboonyap/raft/raft_rpc.pb.go:605.54,607.2 1 0
github.com/brown-csci1380-s20/raft-yyang149-kboonyap/raft/raft_rpc.pb.go:624.47,624.77 1 0
github.com/brown-csci1380-s20/raft-yyang149-kboonyap/raft/raft_rpc.pb.go:625.47,625.84 1 0
github.com/brown-csci1380-s20/raft-yyang149-kboonyap/raft/raft_rpc.pb.go:626.48,626.49 0 0
github.com/brown-csci1380-s20/raft-yyang149-kboonyap/raft/raft_rpc.pb.go:627.58,629.2 1 1
github.com/brown-csci1380-s20/raft-yyang149-kboonyap/raft/raft_rpc.pb.go:631.61,633.2 1 0
github.com/brown-csci1380-s20/raft-yyang149-kboonyap/raft/raft_rpc.pb.go:634.89,636.2 1 0
github.com/brown-csci1380-s20/raft-yyang149-kboonyap/raft/raft_rpc.pb.go:637.60,639.2 1 0
github.com/brown-csci1380-s20/raft-yyang149-kboonyap/raft/raft_rpc.pb.go:640.46,642.2 1 0
github.com/brown-csci1380-s20/raft-yyang149-kboonyap/raft/raft_rpc.pb.go:643.52,645.2 1 0
github.com/brown-csci1380-s20/raft-yyang149-kboonyap/raft/raft_rpc.pb.go:649.56,650.14 1 0
github.com/brown-csci1380-s20/raft-yyang149-kboonyap/raft/raft_rpc.pb.go:653.2,653.24 1 0
github.com/brown-csci1380-s20/raft-yyang149-kboonyap/raft/raft_rpc.pb.go:650.14,652.3 1 0
github.com/brown-csci1380-s20/raft-yyang149-kboonyap/raft/raft_rpc.pb.go:656.52,657.14 1 0
github.com/brown-csci1380-s20/raft-yyang149-kboonyap/raft/raft_rpc.pb.go:660.2,660.10 1 0
github.com/brown-csci1380-s20/raft-yyang149-kboonyap/raft/raft_rpc.pb.go:657.14,659.3 1 0
github.com/brown-csci1380-s20/raft-yyang149-kboonyap/raft/raft_rpc.pb.go:663.59,664.14 1 0
github.com/brown-csci1380-s20/raft-yyang149-kboonyap/raft/raft_rpc.pb.go:667.2,667.12 1 0
github.com/brown-csci1380-s20/raft-yyang149-kboonyap/raft/raft_rpc.pb.go:664.14,666.3 1 0
github.com/brown-csci1380-s20/raft-yyang149-kboonyap/raft/raft_rpc.pb.go:685.41,685.65 1 0
github.com/brown-csci1380-s20/raft-yyang149-kboonyap/raft/raft_rpc.pb.go:686.41,686.78 1 1
github.com/brown-csci1380-s20/raft-yyang149-kboonyap/raft/raft_rpc.pb.go:687.42,687.43 0 0
github.com/brown-csci1380-s20/raft-yyang149-kboonyap/raft/raft_rpc.pb.go:688.52,690.2 1 1
github.com/brown-csci1380-s20/raft-yyang149-kboonyap/raft/raft_rpc.pb.go:692.55,694.2 1 0
github.com/brown-csci1380-s20/raft-yyang149-kboonyap/raft/raft_rpc.pb.go:695.83,697.2 1 0
github.com/brown-csci1380-s20/raft-yyang149-kboonyap/raft/raft_rpc.pb.go:698.54,700.2 1 0
github.com/brown-csci1380-s20/raft-yyang149-kboonyap/raft/raft_rpc.pb.go:701.40,703.2 1 0
github.com/brown-csci1380-s20/raft-yyang149-kboonyap/raft/raft_rpc.pb.go:704.46,706.2 1 0
github.com/brown-csci1380-s20/raft-yyang149-kboonyap/raft/raft_rpc.pb.go:710.46,711.14 1 0
github.com/brown-csci1380-s20/raft-yyang149-kboonyap/raft/raft_rpc.pb.go:714.2,714.10 1 0
github.com/brown-csci1380-s20/raft-yyang149-kboonyap/raft/raft_rpc.pb.go:711.14,713.3 1 0
github.com/brown-csci1380-s20/raft-yyang149-kboonyap/raft/raft_rpc.pb.go:717.49,718.14 1 0
github.com/brown-csci1380-s20/raft-yyang149-kboonyap/raft/raft_rpc.pb.go:721.2,721.10 1 0
github.com/brown-csci1380-s20/raft-yyang149-kboonyap/raft/raft_rpc.pb.go:718.14,720.3 1 0
github.com/brown-csci1380-s20/raft-yyang149-kboonyap/raft/raft_rpc.pb.go:724.53,725.14 1 0
github.com/brown-csci1380-s20/raft-yyang149-kboonyap/raft/raft_rpc.pb.go:728.2,728.10 1 0
github.com/brown-csci1380-s20/raft-yyang149-kboonyap/raft/raft_rpc.pb.go:725.14,727.3 1 0
github.com/brown-csci1380-s20/raft-yyang149-kboonyap/raft/raft_rpc.pb.go:731.42,732.14 1 0
github.com/brown-csci1380-s20/raft-yyang149-kboonyap/raft/raft_rpc.pb.go:735.2,735.12 1 0
github.com/brown-csci1380-s20/raft-yyang149-kboonyap/raft/raft_rpc.pb.go:732.14,734.3 1 0
github.com/brown-csci1380-s20/raft-yyang149-kboonyap/raft/raft_rpc.pb.go:751.39,751.61 1 0
github.com/brown-csci1380-s20/raft-yyang149-kboonyap/raft/raft_rpc.pb.go:752.39,752.76 1 0
github.com/brown-csci1380-s20/raft-yyang149-kboonyap/raft/raft_rpc.pb.go:753.40,753.41 0 0
github.com/brown-csci1380-s20/raft-yyang149-kboonyap/raft/raft_rpc.pb.go:754.50,756.2 1 1
github.com/brown-csci1380-s20/raft-yyang149-kboonyap/raft/raft_rpc.pb.go:758.53,760.2 1 0
github.com/brown-csci1380-s20/raft-yyang149-kboonyap/raft/raft_rpc.pb.go:761.81,763.2 1 0
github.com/brown-csci1380-s20/raft-yyang149-kboonyap/raft/raft_rpc.pb.go:764.52,766.2 1 0
github.com/brown-csci1380-s20/raft-yyang149-kboonyap/raft/raft_rpc.pb.go:767.38,769.2 1 0
github.com/brown-csci1380-s20/raft-yyang149-kboonyap/raft/raft_rpc.pb.go:770.44,772.2 1 0
github.com/brown-csci1380-s20/raft-yyang149-kboonyap/raft/raft_rpc.pb.go:776.48,777.14 1 0
github.com/brown-csci1380-s20/raft-yyang149-kboonyap/raft/raft_rpc.pb.go:780.2,780.24 1 0
github.com/brown-csci1380-s20/raft-yyang149-kboonyap/raft/raft_rpc.pb.go:777.14,779.3 1 0
github.com/brown-csci1380-s20/raft-yyang149-kboonyap/raft/raft_rpc.pb.go:783.44,784.14 1 0
github.com/brown-csci1380-s20/raft-yyang149-kboonyap/raft/raft_rpc.pb.go:787.2,787.12 1 0
github.com/brown-csci1380-s20/raft-yyang149-kboonyap/raft/raft_rpc.pb.go:784.14,786.3 1 0
github.com/brown-csci1380-s20/raft-yyang149-kboonyap/raft/raft_rpc.pb.go:790.51,791.14 1 0
github.com/brown-csci1380-s20/raft-yyang149-kboonyap/raft/raft_rpc.pb.go:794.2,794.12 1 0
github.com/brown-csci1380-s20/raft-yyang149-kboonyap/raft/raft_rpc.pb.go:791.14,793.3 1 0
github.com/brown-csci1380-s20/raft-yyang149-kboonyap/raft/raft_rpc.pb.go:797.13,812.2 14 1
github.com/brown-csci1380-s20/raft-yyang149-kboonyap/raft/raft_rpc.pb.go:814.13,814.86 1 1
github.com/brown-csci1380-s20/raft-yyang149-kboonyap/raft/raft_rpc.pb.go:910.58,912.2 1 1
github.com/brown-csci1380-s20/raft-yyang149-kboonyap/raft/raft_rpc.pb.go:914.111,917.16 3 1
github.com/brown-csci1380-s20/raft-yyang149-kboonyap/raft/raft_rpc.pb.go:920.2,920.17 1 1
github.com/brown-csci1380-s20/raft-yyang149-kboonyap/raft/raft_rpc.pb.go:917.16,919.3 1 1
github.com/brown-csci1380-s20/raft-yyang149-kboonyap/raft/raft_rpc.pb.go:923.122,926.16 3 1
github.com/brown-csci1380-s20/raft-yyang149-kboonyap/raft/raft_rpc.pb.go:929.2,929.17 1 1
github.com/brown-csci1380-s20/raft-yyang149-kboonyap/raft/raft_rpc.pb.go:926.16,928.3 1 1
github.com/brown-csci1380-s20/raft-yyang149-kboonyap/raft/raft_rpc.pb.go:932.146,935.16 3 1
github.com/brown-csci1380-s20/raft-yyang149-kboonyap/raft/raft_rpc.pb.go:938.2,938.17 1 1
github.com/brown-csci1380-s20/raft-yyang149-kboonyap/raft/raft_rpc.pb.go:935.16,937.3 1 1
github.com/brown-csci1380-s20/raft-yyang149-kboonyap/raft/raft_rpc.pb.go:941.140,944.16 3 1
github.com/brown-csci1380-s20/raft-yyang149-kboonyap/raft/raft_rpc.pb.go:947.2,947.17 1 1
github.com/brown-csci1380-s20/raft-yyang149-kboonyap/raft/raft_rpc.pb.go:944.16,946.3 1 1
github.com/brown-csci1380-s20/raft-yyang149-kboonyap/raft/raft_rpc.pb.go:950.149,953.16 3 0
github.com/brown-csci1380-s20/raft-yyang149-kboonyap/raft/raft_rpc.pb.go:956.2,956.17 1 0
github.com/brown-csci1380-s20/raft-yyang149-kboonyap/raft/raft_rpc.pb.go:953.16,955.3 1 0
github.com/brown-csci1380-s20/raft-yyang149-kboonyap/raft/raft_rpc.pb.go:959.132,962.16 3 0
github.com/brown-csci1380-s20/raft-yyang149-kboonyap/raft/raft_rpc.pb.go:965.2,965.17 1 0
github.com/brown-csci1380-s20/raft-yyang149-kboonyap/raft/raft_rpc.pb.go:962.16,964.3 1 0
github.com/brown-csci1380-s20/raft-yyang149-kboonyap/raft/raft_rpc.pb.go:993.98,995.2 1 0
github.com/brown-csci1380-s20/raft-yyang149-kboonyap/raft/raft_rpc.pb.go:996.109,998.2 1 0
github.com/brown-csci1380-s20/raft-yyang149-kboonyap/raft/raft_rpc.pb.go:999.133,1001.2 1 0
github.com/brown-csci1380-s20/raft-yyang149-kboonyap/raft/raft_rpc.pb.go:1002.127,1004.2 1 0
github.com/brown-csci1380-s20/raft-yyang149-kboonyap/raft/raft_rpc.pb.go:1005.136,1007.2 1 0
github.com/brown-csci1380-s20/raft-yyang149-kboonyap/raft/raft_rpc.pb.go:1008.119,1010.2 1 0
github.com/brown-csci1380-s20/raft-yyang149-kboonyap/raft/raft_rpc.pb.go:1012.63,1014.2 1 1
github.com/brown-csci1380-s20/raft-yyang149-kboonyap/raft/raft_rpc.pb.go:1016.163,1018.32 2 1
github.com/brown-csci1380-s20/raft-yyang149-kboonyap/raft/raft_rpc.pb.go:1021.2,1021.24 1 1
github.com/brown-csci1380-s20/raft-yyang149-kboonyap/raft/raft_rpc.pb.go:1024.2,1028.77 2 0
github.com/brown-csci1380-s20/raft-yyang149-kboonyap/raft/raft_rpc.pb.go:1031.2,1031.44 1 0
github.com/brown-csci1380-s20/raft-yyang149-kboonyap/raft/raft_rpc.pb.go:1018.32,1020.3 1 0
github.com/brown-csci1380-s20/raft-yyang149-kboonyap/raft/raft_rpc.pb.go:1021.24,1023.3 1 1
github.com/brown-csci1380-s20/raft-yyang149-kboonyap/raft/raft_rpc.pb.go:1028.77,1030.3 1 0
github.com/brown-csci1380-s20/raft-yyang149-kboonyap/raft/raft_rpc.pb.go:1034.168,1036.32 2 1
github.com/brown-csci1380-s20/raft-yyang149-kboonyap/raft/raft_rpc.pb.go:1039.2,1039.24 1 1
github.com/brown-csci1380-s20/raft-yyang149-kboonyap/raft/raft_rpc.pb.go:1042.2,1046.77 2 0
github.com/brown-csci1380-s20/raft-yyang149-kboonyap/raft/raft_rpc.pb.go:1049.2,1049.44 1 0
github.com/brown-csci1380-s20/raft-yyang149-kboonyap/raft/raft_rpc.pb.go:1036.32,1038.3 1 0
github.com/brown-csci1380-s20/raft-yyang149-kboonyap/raft/raft_rpc.pb.go:1039.24,1041.3 1 1
github.com/brown-csci1380-s20/raft-yyang149-kboonyap/raft/raft_rpc.pb.go:1046.77,1048.3 1 0
github.com/brown-csci1380-s20/raft-yyang149-kboonyap/raft/raft_rpc.pb.go:1052.172,1054.32 2 1
github.com/brown-csci1380-s20/raft-yyang149-kboonyap/raft/raft_rpc.pb.go:1057.2,1057.24 1 1
github.com/brown-csci1380-s20/raft-yyang149-kboonyap/raft/raft_rpc.pb.go:1060.2,1064.77 2 0
github.com/brown-csci1380-s20/raft-yyang149-kboonyap/raft/raft_rpc.pb.go:1067.2,1067.44 1 0
github.com/brown-csci1380-s20/raft-yyang149-kboonyap/raft/raft_rpc.pb.go:1054.32,1056.3 1 0
github.com/brown-csci1380-s20/raft-yyang149-kboonyap/raft/raft_rpc.pb.go:1057.24,1059.3 1 1
github.com/brown-csci1380-s20/raft-yyang149-kboonyap/raft/raft_rpc.pb.go:1064.77,1066.3 1 0
github.com/brown-csci1380-s20/raft-yyang149-kboonyap/raft/raft_rpc.pb.go:1070.170,1072.32 2 1
github.com/brown-csci1380-s20/raft-yyang149-kboonyap/raft/raft_rpc.pb.go:1075.2,1075.24 1 1
github.com/brown-csci1380-s20/raft-yyang149-kboonyap/raft/raft_rpc.pb.go:1078.2,1082.77 2 0
github.com/brown-csci1380-s20/raft-yyang149-kboonyap/raft/raft_rpc.pb.go:1085.2,1085.44 1 0
github.com/brown-csci1380-s20/raft-yyang149-kboonyap/raft/raft_rpc.pb.go:1072.32,1074.3 1 0
github.com/brown-csci1380-s20/raft-yyang149-kboonyap/raft/raft_rpc.pb.go:1075.24,1077.3 1 1
github.com/brown-csci1380-s20/raft-yyang149-kboonyap/raft/raft_rpc.pb.go:1082.77,1084.3 1 0
github.com/brown-csci1380-s20/raft-yyang149-kboonyap/raft/raft_rpc.pb.go:1088.173,1090.32 2 0
github.com/brown-csci1380-s20/raft-yyang149-kboonyap/raft/raft_rpc.pb.go:1093.2,1093.24 1 0
github.com/brown-csci1380-s20/raft-yyang149-kboonyap/raft/raft_rpc.pb.go:1096.2,1100.77 2 0
github.com/brown-csci1380-s20/raft-yyang149-kboonyap/raft/raft_rpc.pb.go:1103.2,1103.44 1 0
github.com/brown-csci1380-s20/raft-yyang149-kboonyap/raft/raft_rpc.pb.go:1090.32,1092.3 1 0
github.com/brown-csci1380-s20/raft-yyang149-kboonyap/raft/raft_rpc.pb.go:1093.24,1095.3 1 0
github.com/brown-csci1380-s20/raft-yyang149-kboonyap/raft/raft_rpc.pb.go:1100.77,1102.3 1 0
github.com/brown-csci1380-s20/raft-yyang149-kboonyap/raft/raft_rpc.pb.go:1106.172,1108.32 2 0
github.com/brown-csci1380-s20/raft-yyang149-kboonyap/raft/raft_rpc.pb.go:1111.2,1111.24 1 0
github.com/brown-csci1380-s20/raft-yyang149-kboonyap/raft/raft_rpc.pb.go:1114.2,1118.77 2 0
github.com/brown-csci1380-s20/raft-yyang149-kboonyap/raft/raft_rpc.pb.go:1121.2,1121.44 1 0
github.com/brown-csci1380-s20/raft-yyang149-kboonyap/raft/raft_rpc.pb.go:1108.32,1110.3 1 0
github.com/brown-csci1380-s20/raft-yyang149-kboonyap/raft/raft_rpc.pb.go:1111.24,1113.3 1 0
github.com/brown-csci1380-s20/raft-yyang149-kboonyap/raft/raft_rpc.pb.go:1118.77,1120.3 1 0
github.com/brown-csci1380-s20/raft-yyang149-kboonyap/raft/raft_rpc_client.go:17.13,19.2 1 1
github.com/brown-csci1380-s20/raft-yyang149-kboonyap/raft/raft_rpc_client.go:29.9,34.2 3 1
github.com/brown-csci1380-s20/raft-yyang149-kboonyap/raft/raft_rpc_client.go:42.67,44.2 1 1
github.com/brown-csci1380-s20/raft-yyang149-kboonyap/raft/raft_rpc_client.go:47.63,49.40 2 1
github.com/brown-csci1380-s20/raft-yyang149-kboonyap/raft/raft_rpc_client.go:53.2,56.16 3 1
github.com/brown-csci1380-s20/raft-yyang149-kboonyap/raft/raft_rpc_client.go:59.2,63.34 4 1
github.com/brown-csci1380-s20/raft-yyang149-kboonyap/raft/raft_rpc_client.go:49.40,52.3 2 1
github.com/brown-csci1380-s20/raft-yyang149-kboonyap/raft/raft_rpc_client.go:56.16,58.3 1 0
github.com/brown-csci1380-s20/raft-yyang149-kboonyap/raft/raft_rpc_client.go:67.46,70.40 3 1
github.com/brown-csci1380-s20/raft-yyang149-kboonyap/raft/raft_rpc_client.go:70.40,73.3 2 1
github.com/brown-csci1380-s20/raft-yyang149-kboonyap/raft/raft_rpc_client.go:77.54,78.16 1 1
github.com/brown-csci1380-s20/raft-yyang149-kboonyap/raft/raft_rpc_client.go:82.2,82.12 1 1
github.com/brown-csci1380-s20/raft-yyang149-kboonyap/raft/raft_rpc_client.go:78.16,81.3 2 1
github.com/brown-csci1380-s20/raft-yyang149-kboonyap/raft/raft_rpc_client.go:86.54,88.56 1 1
github.com/brown-csci1380-s20/raft-yyang149-kboonyap/raft/raft_rpc_client.go:92.2,93.16 2 1
github.com/brown-csci1380-s20/raft-yyang149-kboonyap/raft/raft_rpc_client.go:97.2,98.31 2 1
github.com/brown-csci1380-s20/raft-yyang149-kboonyap/raft/raft_rpc_client.go:104.2,104.30 1 1
github.com/brown-csci1380-s20/raft-yyang149-kboonyap/raft/raft_rpc_client.go:88.56,90.3 1 0
github.com/brown-csci1380-s20/raft-yyang149-kboonyap/raft/raft_rpc_client.go:93.16,95.3 1 0
github.com/brown-csci1380-s20/raft-yyang149-kboonyap/raft/raft_rpc_client.go:98.31,100.3 1 0
github.com/brown-csci1380-s20/raft-yyang149-kboonyap/raft/raft_rpc_client.go:109.83,110.56 1 1
github.com/brown-csci1380-s20/raft-yyang149-kboonyap/raft/raft_rpc_client.go:114.2,115.16 2 1
github.com/brown-csci1380-s20/raft-yyang149-kboonyap/raft/raft_rpc_client.go:119.2,122.17 3 1
github.com/brown-csci1380-s20/raft-yyang149-kboonyap/raft/raft_rpc_client.go:126.2,126.30 1 1
github.com/brown-csci1380-s20/raft-yyang149-kboonyap/raft/raft_rpc_client.go:110.56,112.3 1 0
github.com/brown-csci1380-s20/raft-yyang149-kboonyap/raft/raft_rpc_client.go:115.16,117.3 1 0
github.com/brown-csci1380-s20/raft-yyang149-kboonyap/raft/raft_rpc_client.go:122.17,124.3 1 1
github.com/brown-csci1380-s20/raft-yyang149-kboonyap/raft/raft_rpc_client.go:132.117,133.56 1 1
github.com/brown-csci1380-s20/raft-yyang149-kboonyap/raft/raft_rpc_client.go:137.2,138.16 2 1
github.com/brown-csci1380-s20/raft-yyang149-kboonyap/raft/raft_rpc_client.go:142.2,143.37 2 1
github.com/brown-csci1380-s20/raft-yyang149-kboonyap/raft/raft_rpc_client.go:133.56,135.3 1 1
github.com/brown-csci1380-s20/raft-yyang149-kboonyap/raft/raft_rpc_client.go:138.16,140.3 1 0
github.com/brown-csci1380-s20/raft-yyang149-kboonyap/raft/raft_rpc_client.go:149.111,150.56 1 1
github.com/brown-csci1380-s20/raft-yyang149-kboonyap/raft/raft_rpc_client.go:154.2,155.16 2 1
github.com/brown-csci1380-s20/raft-yyang149-kboonyap/raft/raft_rpc_client.go:159.2,160.37 2 1
github.com/brown-csci1380-s20/raft-yyang149-kboonyap/raft/raft_rpc_client.go:150.56,152.3 1 1
github.com/brown-csci1380-s20/raft-yyang149-kboonyap/raft/raft_rpc_client.go:155.16,157.3 1 0
github.com/brown-csci1380-s20/raft-yyang149-kboonyap/raft/raft_rpc_client.go:165.77,167.16 2 0
github.com/brown-csci1380-s20/raft-yyang149-kboonyap/raft/raft_rpc_client.go:171.2,174.37 3 0
github.com/brown-csci1380-s20/raft-yyang149-kboonyap/raft/raft_rpc_client.go:167.16,169.3 1 0
github.com/brown-csci1380-s20/raft-yyang149-kboonyap/raft/raft_rpc_client.go:179.90,181.16 2 0
github.com/brown-csci1380-s20/raft-yyang149-kboonyap/raft/raft_rpc_client.go:185.2,186.37 2 0
github.com/brown-csci1380-s20/raft-yyang149-kboonyap/raft/raft_rpc_client.go:181.16,183.3 1 0
github.com/brown-csci1380-s20/raft-yyang149-kboonyap/raft/raft_rpc_server.go:8.80,10.51 1 1
github.com/brown-csci1380-s20/raft-yyang149-kboonyap/raft/raft_rpc_server.go:14.2,15.33 2 1
github.com/brown-csci1380-s20/raft-yyang149-kboonyap/raft/raft_rpc_server.go:10.51,12.3 1 0
github.com/brown-csci1380-s20/raft-yyang149-kboonyap/raft/raft_rpc_server.go:19.93,21.62 1 1
github.com/brown-csci1380-s20/raft-yyang149-kboonyap/raft/raft_rpc_server.go:25.2,26.33 2 1
github.com/brown-csci1380-s20/raft-yyang149-kboonyap/raft/raft_rpc_server.go:21.62,23.3 1 0
github.com/brown-csci1380-s20/raft-yyang149-kboonyap/raft/raft_rpc_server.go:30.117,32.60 1 1
github.com/brown-csci1380-s20/raft-yyang149-kboonyap/raft/raft_rpc_server.go:36.2,38.20 2 1
github.com/brown-csci1380-s20/raft-yyang149-kboonyap/raft/raft_rpc_server.go:32.60,34.3 1 1
github.com/brown-csci1380-s20/raft-yyang149-kboonyap/raft/raft_rpc_server.go:42.111,44.63 1 1
github.com/brown-csci1380-s20/raft-yyang149-kboonyap/raft/raft_rpc_server.go:48.2,50.20 2 1
github.com/brown-csci1380-s20/raft-yyang149-kboonyap/raft/raft_rpc_server.go:44.63,46.3 1 1
github.com/brown-csci1380-s20/raft-yyang149-kboonyap/raft/raft_rpc_server.go:55.120,59.2 2 1
github.com/brown-csci1380-s20/raft-yyang149-kboonyap/raft/raft_rpc_server.go:62.103,66.2 2 1
github.com/brown-csci1380-s20/raft-yyang149-kboonyap/raft/test_utils.go:17.24,22.2 4 1
github.com/brown-csci1380-s20/raft-yyang149-kboonyap/raft/test_utils.go:26.54,33.2 5 1
github.com/brown-csci1380-s20/raft-yyang149-kboonyap/raft/test_utils.go:36.47,38.29 2 1
github.com/brown-csci1380-s20/raft-yyang149-kboonyap/raft/test_utils.go:44.2,44.23 1 1
github.com/brown-csci1380-s20/raft-yyang149-kboonyap/raft/test_utils.go:38.29,39.32 1 1
github.com/brown-csci1380-s20/raft-yyang149-kboonyap/raft/test_utils.go:39.32,41.4 1 1
github.com/brown-csci1380-s20/raft-yyang149-kboonyap/raft/test_utils.go:44.23,46.3 1 1
github.com/brown-csci1380-s20/raft-yyang149-kboonyap/raft/test_utils.go:46.8,46.30 1 1
github.com/brown-csci1380-s20/raft-yyang149-kboonyap/raft/test_utils.go:46.30,48.3 1 1
github.com/brown-csci1380-s20/raft-yyang149-kboonyap/raft/test_utils.go:48.8,50.3 1 0
github.com/brown-csci1380-s20/raft-yyang149-kboonyap/raft/test_utils.go:54.50,55.29 1 1
github.com/brown-csci1380-s20/raft-yyang149-kboonyap/raft/test_utils.go:62.2,62.13 1 1
github.com/brown-csci1380-s20/raft-yyang149-kboonyap/raft/test_utils.go:55.29,56.32 1 1
github.com/brown-csci1380-s20/raft-yyang149-kboonyap/raft/test_utils.go:56.32,57.106 1 1
github.com/brown-csci1380-s20/raft-yyang149-kboonyap/raft/test_utils.go:57.106,59.5 1 0
github.com/brown-csci1380-s20/raft-yyang149-kboonyap/raft/test_utils.go:67.36,68.34 1 1
github.com/brown-csci1380-s20/raft-yyang149-kboonyap/raft/test_utils.go:76.2,76.29 1 1
github.com/brown-csci1380-s20/raft-yyang149-kboonyap/raft/test_utils.go:68.34,71.23 3 1
github.com/brown-csci1380-s20/raft-yyang149-kboonyap/raft/test_utils.go:71.23,74.4 2 1
github.com/brown-csci1380-s20/raft-yyang149-kboonyap/raft/bolt_store.go:18.43,22.16 2 1
github.com/brown-csci1380-s20/raft-yyang149-kboonyap/raft/bolt_store.go:25.2,25.36 1 1
github.com/brown-csci1380-s20/raft-yyang149-kboonyap/raft/bolt_store.go:30.2,30.39 1 1
github.com/brown-csci1380-s20/raft-yyang149-kboonyap/raft/bolt_store.go:22.16,23.13 1 0
github.com/brown-csci1380-s20/raft-yyang149-kboonyap/raft/bolt_store.go:25.36,29.3 3 1
github.com/brown-csci1380-s20/raft-yyang149-kboonyap/raft/bolt_store.go:33.57,36.14 3 1
github.com/brown-csci1380-s20/raft-yyang149-kboonyap/raft/bolt_store.go:42.2,42.10 1 1
github.com/brown-csci1380-s20/raft-yyang149-kboonyap/raft/bolt_store.go:36.14,38.17 2 1
github.com/brown-csci1380-s20/raft-yyang149-kboonyap/raft/bolt_store.go:38.17,39.14 1 0
github.com/brown-csci1380-s20/raft-yyang149-kboonyap/raft/bolt_store.go:46.59,47.49 1 1
github.com/brown-csci1380-s20/raft-yyang149-kboonyap/raft/bolt_store.go:47.49,50.3 2 1
github.com/brown-csci1380-s20/raft-yyang149-kboonyap/raft/bolt_store.go:54.53,56.16 2 1
github.com/brown-csci1380-s20/raft-yyang149-kboonyap/raft/bolt_store.go:59.2,61.19 3 1
github.com/brown-csci1380-s20/raft-yyang149-kboonyap/raft/bolt_store.go:56.16,57.13 1 0
github.com/brown-csci1380-s20/raft-yyang149-kboonyap/raft/bolt_store.go:65.66,66.49 1 1
github.com/brown-csci1380-s20/raft-yyang149-kboonyap/raft/bolt_store.go:66.49,69.3 2 1
github.com/brown-csci1380-s20/raft-yyang149-kboonyap/raft/bolt_store.go:73.54,75.16 2 1
github.com/brown-csci1380-s20/raft-yyang149-kboonyap/raft/bolt_store.go:78.2,81.18 4 1
github.com/brown-csci1380-s20/raft-yyang149-kboonyap/raft/bolt_store.go:84.2,84.29 1 1
github.com/brown-csci1380-s20/raft-yyang149-kboonyap/raft/bolt_store.go:75.16,76.13 1 0
github.com/brown-csci1380-s20/raft-yyang149-kboonyap/raft/bolt_store.go:81.18,83.3 1 1
github.com/brown-csci1380-s20/raft-yyang149-kboonyap/raft/bolt_store.go:88.55,89.49 1 1
github.com/brown-csci1380-s20/raft-yyang149-kboonyap/raft/bolt_store.go:89.49,92.17 3 1
github.com/brown-csci1380-s20/raft-yyang149-kboonyap/raft/bolt_store.go:95.3,95.54 1 1
github.com/brown-csci1380-s20/raft-yyang149-kboonyap/raft/bolt_store.go:92.17,94.4 1 0
github.com/brown-csci1380-s20/raft-yyang149-kboonyap/raft/bolt_store.go:100.56,102.16 2 1
github.com/brown-csci1380-s20/raft-yyang149-kboonyap/raft/bolt_store.go:105.2,108.18 4 1
github.com/brown-csci1380-s20/raft-yyang149-kboonyap/raft/bolt_store.go:111.2,113.16 3 1
github.com/brown-csci1380-s20/raft-yyang149-kboonyap/raft/bolt_store.go:116.2,116.13 1 1
github.com/brown-csci1380-s20/raft-yyang149-kboonyap/raft/bolt_store.go:102.16,103.13 1 0
github.com/brown-csci1380-s20/raft-yyang149-kboonyap/raft/bolt_store.go:108.18,110.3 1 1
github.com/brown-csci1380-s20/raft-yyang149-kboonyap/raft/bolt_store.go:113.16,114.13 1 0
github.com/brown-csci1380-s20/raft-yyang149-kboonyap/raft/bolt_store.go:120.47,122.16 2 1
github.com/brown-csci1380-s20/raft-yyang149-kboonyap/raft/bolt_store.go:125.2,129.16 5 1
github.com/brown-csci1380-s20/raft-yyang149-kboonyap/raft/bolt_store.go:132.2,132.27 1 1
github.com/brown-csci1380-s20/raft-yyang149-kboonyap/raft/bolt_store.go:122.16,123.13 1 0
github.com/brown-csci1380-s20/raft-yyang149-kboonyap/raft/bolt_store.go:129.16,131.3 1 0
github.com/brown-csci1380-s20/raft-yyang149-kboonyap/raft/bolt_store.go:136.57,137.49 1 0
github.com/brown-csci1380-s20/raft-yyang149-kboonyap/raft/bolt_store.go:137.49,140.87 3 0
github.com/brown-csci1380-s20/raft-yyang149-kboonyap/raft/bolt_store.go:146.3,146.13 1 0
github.com/brown-csci1380-s20/raft-yyang149-kboonyap/raft/bolt_store.go:140.87,142.18 2 0
github.com/brown-csci1380-s20/raft-yyang149-kboonyap/raft/bolt_store.go:142.18,144.5 1 0
github.com/brown-csci1380-s20/raft-yyang149-kboonyap/raft/bolt_store.go:151.47,153.16 2 0
github.com/brown-csci1380-s20/raft-yyang149-kboonyap/raft/bolt_store.go:156.2,160.75 5 0
github.com/brown-csci1380-s20/raft-yyang149-kboonyap/raft/bolt_store.go:165.2,165.15 1 0
github.com/brown-csci1380-s20/raft-yyang149-kboonyap/raft/bolt_store.go:153.16,154.13 1 0
github.com/brown-csci1380-s20/raft-yyang149-kboonyap/raft/bolt_store.go:160.75,164.3 3 0
github.com/brown-csci1380-s20/raft-yyang149-kboonyap/raft/bolt_store.go:169.33,171.50 2 1
github.com/brown-csci1380-s20/raft-yyang149-kboonyap/raft/bolt_store.go:171.50,172.13 1 0
github.com/brown-csci1380-s20/raft-yyang149-kboonyap/raft/bolt_store.go:177.34,179.16 2 1
github.com/brown-csci1380-s20/raft-yyang149-kboonyap/raft/bolt_store.go:179.16,180.13 1 0
github.com/brown-csci1380-s20/raft-yyang149-kboonyap/raft/bolt_store.go:185.39,187.2 1 1
github.com/brown-csci1380-s20/raft-yyang149-kboonyap/raft/logging.go:24.13,30.2 4 1
github.com/brown-csci1380-s20/raft-yyang149-kboonyap/raft/logging.go:33.29,34.13 1 1
github.com/brown-csci1380-s20/raft-yyang149-kboonyap/raft/logging.go:34.13,36.3 1 0
github.com/brown-csci1380-s20/raft-yyang149-kboonyap/raft/logging.go:36.8,38.3 1 1
github.com/brown-csci1380-s20/raft-yyang149-kboonyap/raft/logging.go:42.62,44.2 1 1
github.com/brown-csci1380-s20/raft-yyang149-kboonyap/raft/logging.go:47.64,49.2 1 1
github.com/brown-csci1380-s20/raft-yyang149-kboonyap/raft/logging.go:52.64,56.2 3 0
github.com/brown-csci1380-s20/raft-yyang149-kboonyap/raft/logging.go:58.36,59.11 1 1
github.com/brown-csci1380-s20/raft-yyang149-kboonyap/raft/logging.go:60.21,61.20 1 1
github.com/brown-csci1380-s20/raft-yyang149-kboonyap/raft/logging.go:62.22,63.21 1 1
github.com/brown-csci1380-s20/raft-yyang149-kboonyap/raft/logging.go:64.19,65.18 1 1
github.com/brown-csci1380-s20/raft-yyang149-kboonyap/raft/logging.go:66.17,67.19 1 1
github.com/brown-csci1380-s20/raft-yyang149-kboonyap/raft/logging.go:68.10,69.19 1 1
github.com/brown-csci1380-s20/raft-yyang149-kboonyap/raft/logging.go:73.32,75.2 1 1
github.com/brown-csci1380-s20/raft-yyang149-kboonyap/raft/logging.go:78.37,82.31 3 0
github.com/brown-csci1380-s20/raft-yyang149-kboonyap/raft/logging.go:96.2,102.24 6 0
github.com/brown-csci1380-s20/raft-yyang149-kboonyap/raft/logging.go:82.31,86.30 3 0
github.com/brown-csci1380-s20/raft-yyang149-kboonyap/raft/logging.go:90.3,90.52 1 0
github.com/brown-csci1380-s20/raft-yyang149-kboonyap/raft/logging.go:93.3,93.27 1 0
github.com/brown-csci1380-s20/raft-yyang149-kboonyap/raft/logging.go:86.30,88.4 1 0
github.com/brown-csci1380-s20/raft-yyang149-kboonyap/raft/logging.go:90.52,92.4 1 0
github.com/brown-csci1380-s20/raft-yyang149-kboonyap/raft/logging.go:106.40,110.49 3 0
github.com/brown-csci1380-s20/raft-yyang149-kboonyap/raft/logging.go:117.2,117.24 1 0
github.com/brown-csci1380-s20/raft-yyang149-kboonyap/raft/logging.go:110.49,112.17 2 0
github.com/brown-csci1380-s20/raft-yyang149-kboonyap/raft/logging.go:112.17,114.4 1 0
github.com/brown-csci1380-s20/raft-yyang149-kboonyap/raft/logging.go:121.53,126.32 4 1
github.com/brown-csci1380-s20/raft-yyang149-kboonyap/raft/logging.go:133.2,134.24 2 1
github.com/brown-csci1380-s20/raft-yyang149-kboonyap/raft/logging.go:126.32,128.26 2 1
github.com/brown-csci1380-s20/raft-yyang149-kboonyap/raft/logging.go:128.26,130.4 1 1
github.com/brown-csci1380-s20/raft-yyang149-kboonyap/raft/util.go:28.38,30.16 2 1
github.com/brown-csci1380-s20/raft-yyang149-kboonyap/raft/util.go:33.2,34.16 2 1
github.com/brown-csci1380-s20/raft-yyang149-kboonyap/raft/util.go:37.2,37.17 1 1
github.com/brown-csci1380-s20/raft-yyang149-kboonyap/raft/util.go:30.16,31.13 1 0
github.com/brown-csci1380-s20/raft-yyang149-kboonyap/raft/util.go:34.16,35.13 1 0
github.com/brown-csci1380-s20/raft-yyang149-kboonyap/raft/util.go:41.47,48.2 6 1
github.com/brown-csci1380-s20/raft-yyang149-kboonyap/raft/util.go:51.63,55.2 3 1
github.com/brown-csci1380-s20/raft-yyang149-kboonyap/raft/util.go:59.57,61.2 1 1
github.com/brown-csci1380-s20/raft-yyang149-kboonyap/raft/util.go:64.55,69.2 4 1
github.com/brown-csci1380-s20/raft-yyang149-kboonyap/raft/util.go:72.59,78.2 5 1
github.com/brown-csci1380-s20/raft-yyang149-kboonyap/raft/util.go:81.37,83.2 1 1
github.com/brown-csci1380-s20/raft-yyang149-kboonyap/raft/util.go:86.37,90.2 3 1
github.com/brown-csci1380-s20/raft-yyang149-kboonyap/raft/node.go:69.144,81.16 6 1
github.com/brown-csci1380-s20/raft-yyang149-kboonyap/raft/node.go:84.2,85.16 2 1
github.com/brown-csci1380-s20/raft-yyang149-kboonyap/raft/node.go:90.2,124.20 21 1
github.com/brown-csci1380-s20/raft-yyang149-kboonyap/raft/node.go:134.2,134.15 1 1
github.com/brown-csci1380-s20/raft-yyang149-kboonyap/raft/node.go:81.16,83.3 1 0
github.com/brown-csci1380-s20/raft-yyang149-kboonyap/raft/node.go:85.16,87.3 1 0
github.com/brown-csci1380-s20/raft-yyang149-kboonyap/raft/node.go:124.20,126.17 2 1
github.com/brown-csci1380-s20/raft-yyang149-kboonyap/raft/node.go:126.17,128.4 1 1
github.com/brown-csci1380-s20/raft-yyang149-kboonyap/raft/node.go:129.8,132.3 2 1
github.com/brown-csci1380-s20/raft-yyang149-kboonyap/raft/node.go:142.22,144.18 2 1
github.com/brown-csci1380-s20/raft-yyang149-kboonyap/raft/node.go:144.18,146.3 1 1
github.com/brown-csci1380-s20/raft-yyang149-kboonyap/raft/node.go:152.31,158.42 4 1
github.com/brown-csci1380-s20/raft-yyang149-kboonyap/raft/node.go:163.2,163.31 1 1
github.com/brown-csci1380-s20/raft-yyang149-kboonyap/raft/node.go:174.2,174.12 1 1
github.com/brown-csci1380-s20/raft-yyang149-kboonyap/raft/node.go:158.42,160.3 1 1
github.com/brown-csci1380-s20/raft-yyang149-kboonyap/raft/node.go:163.31,164.27 1 1
github.com/brown-csci1380-s20/raft-yyang149-kboonyap/raft/node.go:164.27,167.18 3 1
github.com/brown-csci1380-s20/raft-yyang149-kboonyap/raft/node.go:167.18,169.5 1 0
github.com/brown-csci1380-s20/raft-yyang149-kboonyap/raft/node.go:178.49,182.42 3 1
github.com/brown-csci1380-s20/raft-yyang149-kboonyap/raft/node.go:194.2,195.12 2 1
github.com/brown-csci1380-s20/raft-yyang149-kboonyap/raft/node.go:182.42,183.32 1 1
github.com/brown-csci1380-s20/raft-yyang149-kboonyap/raft/node.go:190.3,191.71 2 0
github.com/brown-csci1380-s20/raft-yyang149-kboonyap/raft/node.go:183.32,184.30 1 1
github.com/brown-csci1380-s20/raft-yyang149-kboonyap/raft/node.go:184.30,187.5 2 1
github.com/brown-csci1380-s20/raft-yyang149-kboonyap/raft/node.go:199.55,210.2 6 1
github.com/brown-csci1380-s20/raft-yyang149-kboonyap/raft/node.go:220.76,225.2 4 1
github.com/brown-csci1380-s20/raft-yyang149-kboonyap/raft/node.go:235.70,240.2 4 1
github.com/brown-csci1380-s20/raft-yyang149-kboonyap/raft/node.go:251.79,256.26 3 1
github.com/brown-csci1380-s20/raft-yyang149-kboonyap/raft/node.go:265.2,266.16 2 1
github.com/brown-csci1380-s20/raft-yyang149-kboonyap/raft/node.go:256.26,262.3 1 0
github.com/brown-csci1380-s20/raft-yyang149-kboonyap/raft/node.go:278.62,282.26 2 1
github.com/brown-csci1380-s20/raft-yyang149-kboonyap/raft/node.go:290.2,293.12 3 1
github.com/brown-csci1380-s20/raft-yyang149-kboonyap/raft/node.go:299.2,300.16 2 1
github.com/brown-csci1380-s20/raft-yyang149-kboonyap/raft/node.go:282.26,288.3 1 0
github.com/brown-csci1380-s20/raft-yyang149-kboonyap/raft/node.go:293.12,296.3 1 1
github.com/brown-csci1380-s20/raft-yyang149-kboonyap/raft/node.go:304.23,307.2 2 0
github.com/brown-csci1380-s20/raft-yyang149-kboonyap/raft/node.go:311.31,315.53 3 1
github.com/brown-csci1380-s20/raft-yyang149-kboonyap/raft/node.go:319.2,321.25 3 1
github.com/brown-csci1380-s20/raft-yyang149-kboonyap/raft/node.go:315.53,317.3 1 1
github.com/brown-csci1380-s20/raft-yyang149-kboonyap/raft/node_stable_store.go:12.34,19.2 1 1
github.com/brown-csci1380-s20/raft-yyang149-kboonyap/raft/node_stable_store.go:22.47,24.28 2 1
github.com/brown-csci1380-s20/raft-yyang149-kboonyap/raft/node_stable_store.go:27.2,28.16 2 1
github.com/brown-csci1380-s20/raft-yyang149-kboonyap/raft/node_stable_store.go:24.28,26.3 1 1
github.com/brown-csci1380-s20/raft-yyang149-kboonyap/raft/node_stable_store.go:28.16,30.13 2 0
github.com/brown-csci1380-s20/raft-yyang149-kboonyap/raft/node_stable_store.go:35.40,37.2 1 1
github.com/brown-csci1380-s20/raft-yyang149-kboonyap/raft/node_stable_store.go:40.48,42.16 2 1
github.com/brown-csci1380-s20/raft-yyang149-kboonyap/raft/node_stable_store.go:42.16,44.13 2 0
github.com/brown-csci1380-s20/raft-yyang149-kboonyap/raft/node_stable_store.go:49.37,51.2 1 1
github.com/brown-csci1380-s20/raft-yyang149-kboonyap/raft/node_stable_store.go:54.74,56.56 2 1
github.com/brown-csci1380-s20/raft-yyang149-kboonyap/raft/node_stable_store.go:60.2,61.16 2 1
github.com/brown-csci1380-s20/raft-yyang149-kboonyap/raft/node_stable_store.go:64.2,65.16 2 1
github.com/brown-csci1380-s20/raft-yyang149-kboonyap/raft/node_stable_store.go:69.2,69.12 1 1
github.com/brown-csci1380-s20/raft-yyang149-kboonyap/raft/node_stable_store.go:56.56,58.3 1 0
github.com/brown-csci1380-s20/raft-yyang149-kboonyap/raft/node_stable_store.go:61.16,63.3 1 0
github.com/brown-csci1380-s20/raft-yyang149-kboonyap/raft/node_stable_store.go:65.16,67.13 2 0
github.com/brown-csci1380-s20/raft-yyang149-kboonyap/raft/node_stable_store.go:75.77,79.56 3 1
github.com/brown-csci1380-s20/raft-yyang149-kboonyap/raft/node_stable_store.go:84.2,84.19 1 1
github.com/brown-csci1380-s20/raft-yyang149-kboonyap/raft/node_stable_store.go:79.56,83.3 3 1
github.com/brown-csci1380-s20/raft-yyang149-kboonyap/raft/node_stable_store.go:88.38,90.2 1 1
github.com/brown-csci1380-s20/raft-yyang149-kboonyap/raft/node_stable_store.go:93.37,95.22 2 1
github.com/brown-csci1380-s20/raft-yyang149-kboonyap/raft/node_stable_store.go:98.2,98.25 1 1
github.com/brown-csci1380-s20/raft-yyang149-kboonyap/raft/node_stable_store.go:95.22,97.3 1 0
github.com/brown-csci1380-s20/raft-yyang149-kboonyap/raft/node_stable_store.go:102.40,104.16 2 1
github.com/brown-csci1380-s20/raft-yyang149-kboonyap/raft/node_stable_store.go:104.16,105.13 1 0
github.com/brown-csci1380-s20/raft-yyang149-kboonyap/raft/node_stable_store.go:110.47,112.2 1 1
github.com/brown-csci1380-s20/raft-yyang149-kboonyap/raft/node_stable_store.go:115.42,117.16 2 1
github.com/brown-csci1380-s20/raft-yyang149-kboonyap/raft/node_stable_store.go:117.16,118.13 1 0
github.com/brown-csci1380-s20/raft-yyang149-kboonyap/raft/node_stable_store.go:123.29,125.2 1 1
github.com/brown-csci1380-s20/raft-yyang149-kboonyap/raft/config.go:21.30,30.2 8 1
github.com/brown-csci1380-s20/raft-yyang149-kboonyap/raft/config.go:33.40,34.50 1 1
github.com/brown-csci1380-s20/raft-yyang149-kboonyap/raft/config.go:38.2,38.49 1 1
github.com/brown-csci1380-s20/raft-yyang149-kboonyap/raft/config.go:42.2,42.54 1 1
github.com/brown-csci1380-s20/raft-yyang149-kboonyap/raft/config.go:46.2,46.29 1 1
github.com/brown-csci1380-s20/raft-yyang149-kboonyap/raft/config.go:50.2,50.28 1 1
github.com/brown-csci1380-s20/raft-yyang149-kboonyap/raft/config.go:54.2,54.12 1 1
github.com/brown-csci1380-s20/raft-yyang149-kboonyap/raft/config.go:34.50,36.3 1 0
github.com/brown-csci1380-s20/raft-yyang149-kboonyap/raft/config.go:38.49,40.3 1 0
github.com/brown-csci1380-s20/raft-yyang149-kboonyap/raft/config.go:42.54,44.3 1 0
github.com/brown-csci1380-s20/raft-yyang149-kboonyap/raft/config.go:46.29,48.3 1 0
github.com/brown-csci1380-s20/raft-yyang149-kboonyap/raft/config.go:50.28,52.3 1 0
github.com/brown-csci1380-s20/raft-yyang149-kboonyap/raft/network_policy.go:18.40,22.2 3 1
github.com/brown-csci1380-s20/raft-yyang149-kboonyap/raft/network_policy.go:27.40,29.2 1 1
github.com/brown-csci1380-s20/raft-yyang149-kboonyap/raft/network_policy.go:33.57,34.19 1 1
github.com/brown-csci1380-s20/raft-yyang149-kboonyap/raft/network_policy.go:37.2,39.27 3 1
github.com/brown-csci1380-s20/raft-yyang149-kboonyap/raft/network_policy.go:34.19,36.3 1 1
github.com/brown-csci1380-s20/raft-yyang149-kboonyap/raft/network_policy.go:43.72,46.2 2 1
github.com/brown-csci1380-s20/raft-yyang149-kboonyap/raft/network_policy.go:49.46,51.2 1 1
github.com/brown-csci1380-s20/raft-yyang149-kboonyap/raft/node_candidate_state.go:4.44,17.6 9 1
github.com/brown-csci1380-s20/raft-yyang149-kboonyap/raft/node_candidate_state.go:17.6,18.10 1 1
github.com/brown-csci1380-s20/raft-yyang149-kboonyap/raft/node_candidate_state.go:19.37,20.16 1 1
github.com/brown-csci1380-s20/raft-yyang149-kboonyap/raft/node_candidate_state.go:23.35,25.16 2 1
github.com/brown-csci1380-s20/raft-yyang149-kboonyap/raft/node_candidate_state.go:28.35,36.16 3 1
github.com/brown-csci1380-s20/raft-yyang149-kboonyap/raft/node_candidate_state.go:39.37,44.5 1 1
github.com/brown-csci1380-s20/raft-yyang149-kboonyap/raft/node_candidate_state.go:45.36,50.5 1 1
github.com/brown-csci1380-s20/raft-yyang149-kboonyap/raft/node_candidate_state.go:51.18,59.68 6 1
github.com/brown-csci1380-s20/raft-yyang149-kboonyap/raft/node_candidate_state.go:60.33,61.11 1 1
github.com/brown-csci1380-s20/raft-yyang149-kboonyap/raft/node_candidate_state.go:64.27,65.12 1 1
github.com/brown-csci1380-s20/raft-yyang149-kboonyap/raft/node_candidate_state.go:20.16,22.5 1 1
github.com/brown-csci1380-s20/raft-yyang149-kboonyap/raft/node_candidate_state.go:25.16,27.5 1 1
github.com/brown-csci1380-s20/raft-yyang149-kboonyap/raft/node_candidate_state.go:36.16,38.5 1 1
github.com/brown-csci1380-s20/raft-yyang149-kboonyap/raft/node_candidate_state.go:61.11,63.5 1 1
github.com/brown-csci1380-s20/raft-yyang149-kboonyap/raft/node_candidate_state.go:65.12,67.5 1 1
github.com/brown-csci1380-s20/raft-yyang149-kboonyap/raft/node_candidate_state.go:75.93,81.31 4 1
github.com/brown-csci1380-s20/raft-yyang149-kboonyap/raft/node_candidate_state.go:108.2,110.32 2 1
github.com/brown-csci1380-s20/raft-yyang149-kboonyap/raft/node_candidate_state.go:121.2,122.8 2 1
github.com/brown-csci1380-s20/raft-yyang149-kboonyap/raft/node_candidate_state.go:81.31,83.13 2 1
github.com/brown-csci1380-s20/raft-yyang149-kboonyap/raft/node_candidate_state.go:83.13,91.18 2 1
github.com/brown-csci1380-s20/raft-yyang149-kboonyap/raft/node_candidate_state.go:97.4,97.29 1 1
github.com/brown-csci1380-s20/raft-yyang149-kboonyap/raft/node_candidate_state.go:104.4,104.34 1 1
github.com/brown-csci1380-s20/raft-yyang149-kboonyap/raft/node_candidate_state.go:91.18,95.5 3 1
github.com/brown-csci1380-s20/raft-yyang149-kboonyap/raft/node_candidate_state.go:97.29,102.5 3 1
github.com/brown-csci1380-s20/raft-yyang149-kboonyap/raft/node_candidate_state.go:110.32,112.10 2 1
github.com/brown-csci1380-s20/raft-yyang149-kboonyap/raft/node_candidate_state.go:112.10,114.30 2 1
github.com/brown-csci1380-s20/raft-yyang149-kboonyap/raft/node_candidate_state.go:114.30,117.5 2 1
github.com/brown-csci1380-s20/raft-yyang149-kboonyap/raft/node_candidate_state.go:128.97,130.43 1 1
github.com/brown-csci1380-s20/raft-yyang149-kboonyap/raft/node_candidate_state.go:144.2,144.21 1 0
github.com/brown-csci1380-s20/raft-yyang149-kboonyap/raft/node_candidate_state.go:130.43,133.70 2 1
github.com/brown-csci1380-s20/raft-yyang149-kboonyap/raft/node_candidate_state.go:138.3,139.21 2 0
github.com/brown-csci1380-s20/raft-yyang149-kboonyap/raft/node_candidate_state.go:133.70,136.4 2 1
github.com/brown-csci1380-s20/raft-yyang149-kboonyap/raft/node_candidate_state.go:140.8,140.51 1 1
github.com/brown-csci1380-s20/raft-yyang149-kboonyap/raft/node_candidate_state.go:140.51,142.3 1 1
github.com/brown-csci1380-s20/raft-yyang149-kboonyap/raft/node_leader_state.go:6.41,10.34 2 1
github.com/brown-csci1380-s20/raft-yyang149-kboonyap/raft/node_leader_state.go:14.2,21.28 7 1
github.com/brown-csci1380-s20/raft-yyang149-kboonyap/raft/node_leader_state.go:25.2,38.14 6 1
github.com/brown-csci1380-s20/raft-yyang149-kboonyap/raft/node_leader_state.go:42.2,42.21 1 1
github.com/brown-csci1380-s20/raft-yyang149-kboonyap/raft/node_leader_state.go:46.2,49.6 3 1
github.com/brown-csci1380-s20/raft-yyang149-kboonyap/raft/node_leader_state.go:10.34,11.42 1 0
github.com/brown-csci1380-s20/raft-yyang149-kboonyap/raft/node_leader_state.go:21.28,24.3 2 1
github.com/brown-csci1380-s20/raft-yyang149-kboonyap/raft/node_leader_state.go:38.14,40.3 1 0
github.com/brown-csci1380-s20/raft-yyang149-kboonyap/raft/node_leader_state.go:42.21,44.3 1 0
github.com/brown-csci1380-s20/raft-yyang149-kboonyap/raft/node_leader_state.go:49.6,50.10 1 1
github.com/brown-csci1380-s20/raft-yyang149-kboonyap/raft/node_leader_state.go:51.37,52.16 1 1
github.com/brown-csci1380-s20/raft-yyang149-kboonyap/raft/node_leader_state.go:55.35,57.16 2 1
github.com/brown-csci1380-s20/raft-yyang149-kboonyap/raft/node_leader_state.go:60.35,68.16 3 1
github.com/brown-csci1380-s20/raft-yyang149-kboonyap/raft/node_leader_state.go:71.37,85.35 5 1
github.com/brown-csci1380-s20/raft-yyang149-kboonyap/raft/node_leader_state.go:98.36,104.19 5 1
github.com/brown-csci1380-s20/raft-yyang149-kboonyap/raft/node_leader_state.go:122.4,137.16 5 1
github.com/brown-csci1380-s20/raft-yyang149-kboonyap/raft/node_leader_state.go:146.19,149.16 2 1
github.com/brown-csci1380-s20/raft-yyang149-kboonyap/raft/node_leader_state.go:52.16,54.5 1 1
github.com/brown-csci1380-s20/raft-yyang149-kboonyap/raft/node_leader_state.go:57.16,59.5 1 1
github.com/brown-csci1380-s20/raft-yyang149-kboonyap/raft/node_leader_state.go:68.16,70.5 1 1
github.com/brown-csci1380-s20/raft-yyang149-kboonyap/raft/node_leader_state.go:85.35,91.5 1 1
github.com/brown-csci1380-s20/raft-yyang149-kboonyap/raft/node_leader_state.go:91.10,97.5 1 0
github.com/brown-csci1380-s20/raft-yyang149-kboonyap/raft/node_leader_state.go:104.19,107.5 1 0
github.com/brown-csci1380-s20/raft-yyang149-kboonyap/raft/node_leader_state.go:107.10,107.50 1 1
github.com/brown-csci1380-s20/raft-yyang149-kboonyap/raft/node_leader_state.go:107.50,110.5 1 1
github.com/brown-csci1380-s20/raft-yyang149-kboonyap/raft/node_leader_state.go:110.10,116.15 5 0
github.com/brown-csci1380-s20/raft-yyang149-kboonyap/raft/node_leader_state.go:116.15,120.6 3 0
github.com/brown-csci1380-s20/raft-yyang149-kboonyap/raft/node_leader_state.go:137.16,145.5 2 0
github.com/brown-csci1380-s20/raft-yyang149-kboonyap/raft/node_leader_state.go:149.16,151.5 1 0
github.com/brown-csci1380-s20/raft-yyang149-kboonyap/raft/node_leader_state.go:164.65,175.31 9 1
github.com/brown-csci1380-s20/raft-yyang149-kboonyap/raft/node_leader_state.go:254.2,256.32 3 1
github.com/brown-csci1380-s20/raft-yyang149-kboonyap/raft/node_leader_state.go:272.2,272.21 1 1
github.com/brown-csci1380-s20/raft-yyang149-kboonyap/raft/node_leader_state.go:175.31,176.27 1 1
github.com/brown-csci1380-s20/raft-yyang149-kboonyap/raft/node_leader_state.go:176.27,178.14 2 1
github.com/brown-csci1380-s20/raft-yyang149-kboonyap/raft/node_leader_state.go:178.14,180.18 2 1
github.com/brown-csci1380-s20/raft-yyang149-kboonyap/raft/node_leader_state.go:184.5,184.9 1 1
github.com/brown-csci1380-s20/raft-yyang149-kboonyap/raft/node_leader_state.go:180.18,182.6 1 1
github.com/brown-csci1380-s20/raft-yyang149-kboonyap/raft/node_leader_state.go:184.9,188.21 3 1
github.com/brown-csci1380-s20/raft-yyang149-kboonyap/raft/node_leader_state.go:192.6,194.41 3 1
github.com/brown-csci1380-s20/raft-yyang149-kboonyap/raft/node_leader_state.go:198.6,199.35 2 1
github.com/brown-csci1380-s20/raft-yyang149-kboonyap/raft/node_leader_state.go:204.6,216.20 4 1
github.com/brown-csci1380-s20/raft-yyang149-kboonyap/raft/node_leader_state.go:223.6,224.31 2 1
github.com/brown-csci1380-s20/raft-yyang149-kboonyap/raft/node_leader_state.go:232.6,232.23 1 1
github.com/brown-csci1380-s20/raft-yyang149-kboonyap/raft/node_leader_state.go:188.21,189.43 1 0
github.com/brown-csci1380-s20/raft-yyang149-kboonyap/raft/node_leader_state.go:194.41,196.7 1 1
github.com/brown-csci1380-s20/raft-yyang149-kboonyap/raft/node_leader_state.go:199.35,201.7 1 1
github.com/brown-csci1380-s20/raft-yyang149-kboonyap/raft/node_leader_state.go:201.12,203.7 1 0
github.com/brown-csci1380-s20/raft-yyang149-kboonyap/raft/node_leader_state.go:216.20,217.76 1 1
github.com/brown-csci1380-s20/raft-yyang149-kboonyap/raft/node_leader_state.go:220.7,220.13 1 1
github.com/brown-csci1380-s20/raft-yyang149-kboonyap/raft/node_leader_state.go:217.76,219.8 1 1
github.com/brown-csci1380-s20/raft-yyang149-kboonyap/raft/node_leader_state.go:224.31,230.7 5 1
github.com/brown-csci1380-s20/raft-yyang149-kboonyap/raft/node_leader_state.go:232.23,239.7 6 1
github.com/brown-csci1380-s20/raft-yyang149-kboonyap/raft/node_leader_state.go:239.12,239.28 1 0
github.com/brown-csci1380-s20/raft-yyang149-kboonyap/raft/node_leader_state.go:239.28,243.7 2 0
github.com/brown-csci1380-s20/raft-yyang149-kboonyap/raft/node_leader_state.go:243.12,247.7 3 0
github.com/brown-csci1380-s20/raft-yyang149-kboonyap/raft/node_leader_state.go:256.32,257.10 1 1
github.com/brown-csci1380-s20/raft-yyang149-kboonyap/raft/node_leader_state.go:258.28,259.15 1 1
github.com/brown-csci1380-s20/raft-yyang149-kboonyap/raft/node_leader_state.go:265.29,266.12 1 0
github.com/brown-csci1380-s20/raft-yyang149-kboonyap/raft/node_leader_state.go:259.15,261.31 2 1
github.com/brown-csci1380-s20/raft-yyang149-kboonyap/raft/node_leader_state.go:261.31,263.6 1 1
github.com/brown-csci1380-s20/raft-yyang149-kboonyap/raft/node_leader_state.go:266.12,268.5 1 0
github.com/brown-csci1380-s20/raft-yyang149-kboonyap/raft/node_leader_state.go:276.33,280.57 3 1
github.com/brown-csci1380-s20/raft-yyang149-kboonyap/raft/node_leader_state.go:298.2,298.83 1 1
github.com/brown-csci1380-s20/raft-yyang149-kboonyap/raft/node_leader_state.go:280.57,282.36 2 1
github.com/brown-csci1380-s20/raft-yyang149-kboonyap/raft/node_leader_state.go:293.3,293.21 1 1
github.com/brown-csci1380-s20/raft-yyang149-kboonyap/raft/node_leader_state.go:282.36,283.16 1 1
github.com/brown-csci1380-s20/raft-yyang149-kboonyap/raft/node_leader_state.go:287.4,287.23 1 1
github.com/brown-csci1380-s20/raft-yyang149-kboonyap/raft/node_leader_state.go:283.16,285.5 1 1
github.com/brown-csci1380-s20/raft-yyang149-kboonyap/raft/node_leader_state.go:287.23,289.10 2 1
github.com/brown-csci1380-s20/raft-yyang149-kboonyap/raft/node_leader_state.go:293.21,294.9 1 1
github.com/brown-csci1380-s20/raft-yyang149-kboonyap/raft/node_leader_state.go:298.83,299.51 1 1
github.com/brown-csci1380-s20/raft-yyang149-kboonyap/raft/node_leader_state.go:302.3,302.28 1 1
github.com/brown-csci1380-s20/raft-yyang149-kboonyap/raft/node_leader_state.go:299.51,301.4 1 1
github.com/brown-csci1380-s20/raft-yyang149-kboonyap/raft/node_leader_state.go:310.60,318.53 5 1
github.com/brown-csci1380-s20/raft-yyang149-kboonyap/raft/node_leader_state.go:327.2,334.25 2 1
github.com/brown-csci1380-s20/raft-yyang149-kboonyap/raft/node_leader_state.go:339.2,341.12 3 1
github.com/brown-csci1380-s20/raft-yyang149-kboonyap/raft/node_leader_state.go:345.2,347.14 2 1
github.com/brown-csci1380-s20/raft-yyang149-kboonyap/raft/node_leader_state.go:318.53,320.17 2 1
github.com/brown-csci1380-s20/raft-yyang149-kboonyap/raft/node_leader_state.go:320.17,323.4 2 1
github.com/brown-csci1380-s20/raft-yyang149-kboonyap/raft/node_leader_state.go:334.25,336.3 1 1
github.com/brown-csci1380-s20/raft-yyang149-kboonyap/raft/node_leader_state.go:341.12,344.3 2 1
github.com/brown-csci1380-s20/raft-yyang149-kboonyap/raft/cluster.go:13.58,15.16 2 1
github.com/brown-csci1380-s20/raft-yyang149-kboonyap/raft/cluster.go:19.2,22.21 3 1
github.com/brown-csci1380-s20/raft-yyang149-kboonyap/raft/cluster.go:27.2,28.16 2 1
github.com/brown-csci1380-s20/raft-yyang149-kboonyap/raft/cluster.go:33.2,33.42 1 1
github.com/brown-csci1380-s20/raft-yyang149-kboonyap/raft/cluster.go:46.2,46.19 1 1
github.com/brown-csci1380-s20/raft-yyang149-kboonyap/raft/cluster.go:15.16,17.3 1 0
github.com/brown-csci1380-s20/raft-yyang149-kboonyap/raft/cluster.go:22.21,24.3 1 1
github.com/brown-csci1380-s20/raft-yyang149-kboonyap/raft/cluster.go:24.8,26.3 1 1
github.com/brown-csci1380-s20/raft-yyang149-kboonyap/raft/cluster.go:28.16,31.3 2 0
github.com/brown-csci1380-s20/raft-yyang149-kboonyap/raft/cluster.go:33.42,35.22 2 1
github.com/brown-csci1380-s20/raft-yyang149-kboonyap/raft/cluster.go:40.3,41.17 2 1
github.com/brown-csci1380-s20/raft-yyang149-kboonyap/raft/cluster.go:35.22,37.4 1 1
github.com/brown-csci1380-s20/raft-yyang149-kboonyap/raft/cluster.go:37.9,39.4 1 1
github.com/brown-csci1380-s20/raft-yyang149-kboonyap/raft/cluster.go:41.17,43.4 1 0
github.com/brown-csci1380-s20/raft-yyang149-kboonyap/raft/cluster.go:51.78,53.16 2 1
github.com/brown-csci1380-s20/raft-yyang149-kboonyap/raft/cluster.go:56.2,59.21 3 1
github.com/brown-csci1380-s20/raft-yyang149-kboonyap/raft/cluster.go:64.2,65.16 2 1
github.com/brown-csci1380-s20/raft-yyang149-kboonyap/raft/cluster.go:70.2,70.42 1 1
github.com/brown-csci1380-s20/raft-yyang149-kboonyap/raft/cluster.go:84.2,84.19 1 1
github.com/brown-csci1380-s20/raft-yyang149-kboonyap/raft/cluster.go:53.16,55.3 1 0
github.com/brown-csci1380-s20/raft-yyang149-kboonyap/raft/cluster.go:59.21,61.3 1 1
github.com/brown-csci1380-s20/raft-yyang149-kboonyap/raft/cluster.go:61.8,63.3 1 0
github.com/brown-csci1380-s20/raft-yyang149-kboonyap/raft/cluster.go:65.16,68.3 2 0
github.com/brown-csci1380-s20/raft-yyang149-kboonyap/raft/cluster.go:70.42,72.22 2 1
github.com/brown-csci1380-s20/raft-yyang149-kboonyap/raft/cluster.go:77.3,78.17 2 1
github.com/brown-csci1380-s20/raft-yyang149-kboonyap/raft/cluster.go:72.22,74.4 1 1
github.com/brown-csci1380-s20/raft-yyang149-kboonyap/raft/cluster.go:74.9,76.4 1 0
github.com/brown-csci1380-s20/raft-yyang149-kboonyap/raft/cluster.go:78.17,81.4 2 1
github.com/brown-csci1380-s20/raft-yyang149-kboonyap/raft/memory_store.go:20.36,26.2 1 1
github.com/brown-csci1380-s20/raft-yyang149-kboonyap/raft/memory_store.go:29.61,36.2 5 1
github.com/brown-csci1380-s20/raft-yyang149-kboonyap/raft/memory_store.go:39.55,45.2 4 1
github.com/brown-csci1380-s20/raft-yyang149-kboonyap/raft/memory_store.go:48.68,55.2 5 1
github.com/brown-csci1380-s20/raft-yyang149-kboonyap/raft/memory_store.go:58.56,63.38 4 1
github.com/brown-csci1380-s20/raft-yyang149-kboonyap/raft/memory_store.go:67.2,67.10 1 1
github.com/brown-csci1380-s20/raft-yyang149-kboonyap/raft/memory_store.go:63.38,65.3 1 1
github.com/brown-csci1380-s20/raft-yyang149-kboonyap/raft/memory_store.go:71.57,78.32 5 1
github.com/brown-csci1380-s20/raft-yyang149-kboonyap/raft/memory_store.go:82.2,82.12 1 1
github.com/brown-csci1380-s20/raft-yyang149-kboonyap/raft/memory_store.go:78.32,80.3 1 1
github.com/brown-csci1380-s20/raft-yyang149-kboonyap/raft/memory_store.go:86.58,91.2 3 1
github.com/brown-csci1380-s20/raft-yyang149-kboonyap/raft/memory_store.go:94.49,99.2 3 1
github.com/brown-csci1380-s20/raft-yyang149-kboonyap/raft/memory_store.go:102.59,106.30 3 1
github.com/brown-csci1380-s20/raft-yyang149-kboonyap/raft/memory_store.go:112.2,112.33 1 1
github.com/brown-csci1380-s20/raft-yyang149-kboonyap/raft/memory_store.go:116.2,116.12 1 1
github.com/brown-csci1380-s20/raft-yyang149-kboonyap/raft/memory_store.go:106.30,107.19 1 1
github.com/brown-csci1380-s20/raft-yyang149-kboonyap/raft/memory_store.go:107.19,109.4 1 1
github.com/brown-csci1380-s20/raft-yyang149-kboonyap/raft/memory_store.go:112.33,114.3 1 1
github.com/brown-csci1380-s20/raft-yyang149-kboonyap/raft/memory_store.go:120.49,123.33 2 0
github.com/brown-csci1380-s20/raft-yyang149-kboonyap/raft/memory_store.go:127.2,127.38 1 0
github.com/brown-csci1380-s20/raft-yyang149-kboonyap/raft/memory_store.go:131.2,131.12 1 0
github.com/brown-csci1380-s20/raft-yyang149-kboonyap/raft/memory_store.go:123.33,125.3 1 0
github.com/brown-csci1380-s20/raft-yyang149-kboonyap/raft/memory_store.go:127.38,129.3 1 0
github.com/brown-csci1380-s20/raft-yyang149-kboonyap/raft/memory_store.go:135.36,137.2 0 1
github.com/brown-csci1380-s20/raft-yyang149-kboonyap/raft/memory_store.go:140.37,142.2 0 1
github.com/brown-csci1380-s20/raft-yyang149-kboonyap/raft/memory_store.go:145.41,147.2 1 0
